:02000000AB282B
:10000600710DF80DF90D7408F8027508031C750FCB
:10001600F902F00DF10D0F30FC00710DF80DF90D20
:100026007408701C1C28F8027508031C750FF90269
:100036002128F80775080318750FF907F00DF10D5B
:10004600FC0B102870182D287408F807750803187B
:08005600750FF9070000080016
:0E005E00831203132B088A002A088200080070
:10006C002F208A110A128000840AAA0A0319AB0AEB
:08007C00F003031D3628080003
:10008400831203137408003A031D51287508003ABB
:10009400031D5128FF30F0007F30F100AA2883129D
:1000A4000313FD01F901F801710870040319003408
:1000B40071087506FA00FA1BFD09FB01F51F672894
:1000C400F409F509F40A0319F50AF11F6E28F00979
:1000D400F109F00A0319F10A71087504FA00FA1B10
:1000E400832803207B189628FD1F0034F009F109AA
:1000F400F00A0319F10AF809F909F80A0319F90AC7
:100104000034F51F9228F11B8E287108F90070083D
:10011400F800F101F0017628F101F001F00A003451
:10012400F109F009FB0A7328F80A0319F90A74089B
:100134007802031D762875087902031D7628F901D3
:10014400F801F00A0319F10AF11F76280000FF34C0
:020154000800A1
:100156003F3083120313A0000630A1005B30A200DB
:100166004F30A3006630A4006D30A5007D30A60098
:100176000730A7007F30A8006F30A9005230B600C4
:100186001C30B7008316860187018312860187011A
:10019600E830F4000330F5003608F0003708F100C7
:1001A60042207008AE007108AF006430F4000030E1
:1001B600F5003608F0003708F10042200A30F40056
:1001C6000030F50042207808F0007908F100700848
:1001D600B0007108B1000A30F4000030F5003608AE
:1001E600F0003708F10042200A30F4000030F50034
:1001F60042207808F0007908F1007008B200710812
:10020600B3000A30F4000030F5003608F000370875
:10021600F10042207808F0007908F1007008B40077
:100226007108B500AC01AD0180302D06F0008030BC
:100236007002031D202964302C0203186A29071056
:100246002E08203E8400000886000830FC00C930D5
:10025600FD00FD0B2C29FC0B2C29000000000714C7
:1002660087103008203E8400000886000830FC0015
:10027600C930FD00FD0B3D29FC0B3D2900000000A7
:10028600871407113208203E8400000886000830D3
:10029600FC00C930FD00FD0B4E29FC0B4E29000069
:1002A6000000071587113408203E840000088600E8
:1002B6000830FC00C930FD00FD0B5F29FC0B5F29EF
:1002C600000000008715AC0A0319AD0A1729B60A03
:1002D6000319B70A80301C3AF000803037067002E6
:1002E600031D77293608843C03187D295230B60051
:0802F6001C30B700CB287E2963
:02400E004A2F37
:00000001FF
